<?xml version="1.0" encoding="UTF-8"?>
<!-- Generated by org.testng.reporters.JUnitXMLReporter -->
<testsuite ignored="0" hostname="DESKTOP-HQV51JQ" failures="0" tests="6" name="Data Driven Testing" time="11.742" errors="0" timestamp="2024-05-15T16:56:04 IST">
  <testcase classname="api.test.DDTest" name="testPostUsers" time="1.956"/>
  <testcase classname="api.test.DDTest" name="testPostUsers" time="1.275"/>
  <testcase classname="api.test.DDTest" name="testPostUsers" time="1.223"/>
  <testcase classname="api.test.DDTest" name="testDeleteUserByName" time="1.178"/>
  <testcase classname="api.test.DDTest" name="testDeleteUserByName" time="1.22"/>
  <testcase classname="api.test.DDTest" name="testDeleteUserByName" time="1.212"/>
</testsuite> <!-- Data Driven Testing -->
