<?xml version="1.0" encoding="UTF-8"?>
<!-- Generated by org.testng.reporters.JUnitXMLReporter -->
<testsuite ignored="0" hostname="DESKTOP-HQV51JQ" failures="0" tests="4" name="Testing User API Using Properties file" time="10.48" errors="0" timestamp="2024-05-15T16:56:03 IST">
  <testcase classname="api.test.UserTests2" name="test_postUser" time="3.986"/>
  <testcase classname="api.test.UserTests2" name="test_UserByName" time="1.248"/>
  <testcase classname="api.test.UserTests2" name="test_updateByUsername" time="2.479"/>
  <testcase classname="api.test.UserTests2" name="test_DeleteUserByName" time="1.205"/>
</testsuite> <!-- Testing User API Using Properties file -->
