<?xml version="1.0" encoding="UTF-8"?>
<!-- Generated by org.testng.reporters.JUnitXMLReporter -->
<testsuite ignored="0" hostname="DESKTOP-HQV51JQ" failures="0" tests="4" name="Default test" time="10.964" errors="0" timestamp="2024-05-15T12:18:44 IST">
  <testcase classname="api.test.UserTests" name="test_postUser" time="3.658"/>
  <testcase classname="api.test.UserTests" name="test_UserByName" time="1.563"/>
  <testcase classname="api.test.UserTests" name="test_updateByUsername" time="3.021"/>
  <testcase classname="api.test.UserTests" name="test_DeleteUserByName" time="1.489"/>
</testsuite> <!-- Default test -->
