<?xml version="1.0" encoding="UTF-8"?>
<!-- Generated by org.testng.reporters.JUnitXMLReporter -->
<testsuite ignored="0" hostname="DESKTOP-HQV51JQ" failures="0" tests="4" name="Test" time="10.92" errors="0" timestamp="2024-05-15T11:05:01 IST">
  <testcase classname="api.test.UserTests" name="test_postUser" time="3.88"/>
  <testcase classname="api.test.UserTests" name="test_UserByName" time="1.643"/>
  <testcase classname="api.test.UserTests" name="test_updateByUsername" time="2.912"/>
  <testcase classname="api.test.UserTests" name="test_DeleteUserByName" time="1.542"/>
</testsuite> <!-- Test -->
