<?xml version="1.0" encoding="UTF-8"?>
<testng-results ignored="0" total="14" passed="14" failed="0" skipped="0">
  <reporter-output>
  </reporter-output>
  <suite started-at="2024-05-15T16:55:52 IST" name="Swagger Pet Store API" finished-at="2024-05-15T16:56:04 IST" duration-ms="11743">
    <groups>
    </groups>
    <test started-at="2024-05-15T16:55:52 IST" name="Testing User API Using Properties file" finished-at="2024-05-15T16:56:03 IST" duration-ms="10480">
      <class name="api.test.UserTests2">
        <test-method is-config="true" signature="setData()[pri:0, instance:api.test.UserTests2@563f38c4]" started-at="2024-05-15T16:55:53 IST" name="setData" finished-at="2024-05-15T16:55:54 IST" duration-ms="1234" status="PASS">
          <reporter-output>
          </reporter-output>
        </test-method> <!-- setData -->
        <test-method signature="test_postUser()[pri:1, instance:api.test.UserTests2@563f38c4]" started-at="2024-05-15T16:55:54 IST" name="test_postUser" finished-at="2024-05-15T16:55:58 IST" duration-ms="3986" status="PASS">
          <reporter-output>
          </reporter-output>
        </test-method> <!-- test_postUser -->
        <test-method signature="test_UserByName()[pri:2, instance:api.test.UserTests2@563f38c4]" started-at="2024-05-15T16:55:58 IST" name="test_UserByName" finished-at="2024-05-15T16:55:59 IST" duration-ms="1248" status="PASS">
          <reporter-output>
          </reporter-output>
        </test-method> <!-- test_UserByName -->
        <test-method signature="test_updateByUsername()[pri:3, instance:api.test.UserTests2@563f38c4]" started-at="2024-05-15T16:55:59 IST" name="test_updateByUsername" finished-at="2024-05-15T16:56:02 IST" duration-ms="2479" status="PASS">
          <reporter-output>
          </reporter-output>
        </test-method> <!-- test_updateByUsername -->
        <test-method signature="test_DeleteUserByName()[pri:4, instance:api.test.UserTests2@563f38c4]" started-at="2024-05-15T16:56:02 IST" name="test_DeleteUserByName" finished-at="2024-05-15T16:56:03 IST" duration-ms="1205" status="PASS">
          <reporter-output>
          </reporter-output>
        </test-method> <!-- test_DeleteUserByName -->
      </class> <!-- api.test.UserTests2 -->
    </test> <!-- Testing User API Using Properties file -->
    <test started-at="2024-05-15T16:55:52 IST" name="Testing User API" finished-at="2024-05-15T16:56:03 IST" duration-ms="10548">
      <class name="api.test.UserTests">
        <test-method is-config="true" signature="setData()[pri:0, instance:api.test.UserTests@5b1669c0]" started-at="2024-05-15T16:55:53 IST" name="setData" finished-at="2024-05-15T16:55:53 IST" duration-ms="585" status="PASS">
          <reporter-output>
          </reporter-output>
        </test-method> <!-- setData -->
        <test-method signature="test_postUser()[pri:1, instance:api.test.UserTests@5b1669c0]" started-at="2024-05-15T16:55:53 IST" name="test_postUser" finished-at="2024-05-15T16:55:58 IST" duration-ms="4619" status="PASS">
          <reporter-output>
          </reporter-output>
        </test-method> <!-- test_postUser -->
        <test-method signature="test_UserByName()[pri:2, instance:api.test.UserTests@5b1669c0]" started-at="2024-05-15T16:55:58 IST" name="test_UserByName" finished-at="2024-05-15T16:55:59 IST" duration-ms="1300" status="PASS">
          <reporter-output>
          </reporter-output>
        </test-method> <!-- test_UserByName -->
        <test-method signature="test_updateByUsername()[pri:3, instance:api.test.UserTests@5b1669c0]" started-at="2024-05-15T16:55:59 IST" name="test_updateByUsername" finished-at="2024-05-15T16:56:02 IST" duration-ms="2456" status="PASS">
          <reporter-output>
          </reporter-output>
        </test-method> <!-- test_updateByUsername -->
        <test-method signature="test_DeleteUserByName()[pri:4, instance:api.test.UserTests@5b1669c0]" started-at="2024-05-15T16:56:02 IST" name="test_DeleteUserByName" finished-at="2024-05-15T16:56:03 IST" duration-ms="1254" status="PASS">
          <reporter-output>
          </reporter-output>
        </test-method> <!-- test_DeleteUserByName -->
      </class> <!-- api.test.UserTests -->
    </test> <!-- Testing User API -->
    <test started-at="2024-05-15T16:55:52 IST" name="Data Driven Testing" finished-at="2024-05-15T16:56:04 IST" duration-ms="11742">
      <class name="api.test.DDTest">
        <test-method signature="testPostUsers(java.lang.String,java.lang.String,java.lang.String,java.lang.String,java.lang.String,java.lang.String,java.lang.String)[pri:1, instance:api.test.DDTest@32502377]" started-at="2024-05-15T16:55:56 IST" name="testPostUsers" data-provider="Data" finished-at="2024-05-15T16:55:58 IST" duration-ms="1956" status="PASS">
          <params>
            <param index="0">
              <value>
                <![CDATA[1010]]>
              </value>
            </param>
            <param index="1">
              <value>
                <![CDATA[testUser1]]>
              </value>
            </param>
            <param index="2">
              <value>
                <![CDATA[Ali]]>
              </value>
            </param>
            <param index="3">
              <value>
                <![CDATA[Gamal]]>
              </value>
            </param>
            <param index="4">
              <value>
                <![CDATA[a@gmail.com]]>
              </value>
            </param>
            <param index="5">
              <value>
                <![CDATA[test@12]]>
              </value>
            </param>
            <param index="6">
              <value>
                <![CDATA[123456789]]>
              </value>
            </param>
          </params>
          <reporter-output>
          </reporter-output>
        </test-method> <!-- testPostUsers -->
        <test-method signature="testPostUsers(java.lang.String,java.lang.String,java.lang.String,java.lang.String,java.lang.String,java.lang.String,java.lang.String)[pri:1, instance:api.test.DDTest@32502377]" started-at="2024-05-15T16:55:58 IST" name="testPostUsers" data-provider="Data" finished-at="2024-05-15T16:55:59 IST" duration-ms="1275" status="PASS">
          <params>
            <param index="0">
              <value>
                <![CDATA[1020]]>
              </value>
            </param>
            <param index="1">
              <value>
                <![CDATA[testUser2]]>
              </value>
            </param>
            <param index="2">
              <value>
                <![CDATA[Kareem]]>
              </value>
            </param>
            <param index="3">
              <value>
                <![CDATA[Hassan]]>
              </value>
            </param>
            <param index="4">
              <value>
                <![CDATA[k@gmail.com]]>
              </value>
            </param>
            <param index="5">
              <value>
                <![CDATA[test@34]]>
              </value>
            </param>
            <param index="6">
              <value>
                <![CDATA[456383021]]>
              </value>
            </param>
          </params>
          <reporter-output>
          </reporter-output>
        </test-method> <!-- testPostUsers -->
        <test-method signature="testPostUsers(java.lang.String,java.lang.String,java.lang.String,java.lang.String,java.lang.String,java.lang.String,java.lang.String)[pri:1, instance:api.test.DDTest@32502377]" started-at="2024-05-15T16:55:59 IST" name="testPostUsers" data-provider="Data" finished-at="2024-05-15T16:56:00 IST" duration-ms="1223" status="PASS">
          <params>
            <param index="0">
              <value>
                <![CDATA[1030]]>
              </value>
            </param>
            <param index="1">
              <value>
                <![CDATA[testUser3]]>
              </value>
            </param>
            <param index="2">
              <value>
                <![CDATA[Ahmed]]>
              </value>
            </param>
            <param index="3">
              <value>
                <![CDATA[Magdy]]>
              </value>
            </param>
            <param index="4">
              <value>
                <![CDATA[m@gmail.com]]>
              </value>
            </param>
            <param index="5">
              <value>
                <![CDATA[test@56]]>
              </value>
            </param>
            <param index="6">
              <value>
                <![CDATA[545886288]]>
              </value>
            </param>
          </params>
          <reporter-output>
          </reporter-output>
        </test-method> <!-- testPostUsers -->
        <test-method signature="testDeleteUserByName(java.lang.String)[pri:2, instance:api.test.DDTest@32502377]" started-at="2024-05-15T16:56:01 IST" name="testDeleteUserByName" data-provider="UserNames" finished-at="2024-05-15T16:56:02 IST" duration-ms="1178" status="PASS">
          <params>
            <param index="0">
              <value>
                <![CDATA[testUser1]]>
              </value>
            </param>
          </params>
          <reporter-output>
          </reporter-output>
        </test-method> <!-- testDeleteUserByName -->
        <test-method signature="testDeleteUserByName(java.lang.String)[pri:2, instance:api.test.DDTest@32502377]" started-at="2024-05-15T16:56:02 IST" name="testDeleteUserByName" data-provider="UserNames" finished-at="2024-05-15T16:56:03 IST" duration-ms="1220" status="PASS">
          <params>
            <param index="0">
              <value>
                <![CDATA[testUser2]]>
              </value>
            </param>
          </params>
          <reporter-output>
          </reporter-output>
        </test-method> <!-- testDeleteUserByName -->
        <test-method signature="testDeleteUserByName(java.lang.String)[pri:2, instance:api.test.DDTest@32502377]" started-at="2024-05-15T16:56:03 IST" name="testDeleteUserByName" data-provider="UserNames" finished-at="2024-05-15T16:56:04 IST" duration-ms="1212" status="PASS">
          <params>
            <param index="0">
              <value>
                <![CDATA[testUser3]]>
              </value>
            </param>
          </params>
          <reporter-output>
          </reporter-output>
        </test-method> <!-- testDeleteUserByName -->
      </class> <!-- api.test.DDTest -->
    </test> <!-- Data Driven Testing -->
  </suite> <!-- Swagger Pet Store API -->
</testng-results>
