<?xml version="1.0" encoding="UTF-8"?>
<testsuite xmlns:xsi="http://www.w3.org/2001/XMLSchema-instance" xsi:noNamespaceSchemaLocation="https://maven.apache.org/surefire/maven-surefire-plugin/xsd/surefire-test-report-3.0.xsd" version="3.0" name="TestSuite" time="12.492" tests="14" errors="0" skipped="0" failures="0">
  <properties>
[...]
</properties>
  <testcase name="testPostUsers[1010, testUser1, Ali, Gamal, a@gmail.com, test@12, 123456789](1)" classname="api.test.DDTest" time="1.986"/>
  <testcase name="testPostUsers[1020, testUser2, Kareem, Hassan, k@gmail.com, test@34, 456383021](2)" classname="api.test.DDTest" time="1.219"/>
  <testcase name="testPostUsers[1030, testUser3, Ahmed, Magdy, m@gmail.com, test@56, 545886288](3)" classname="api.test.DDTest" time="1.148"/>
  <testcase name="testDeleteUserByName[testUser1](1)" classname="api.test.DDTest" time="0.013"/>
  <testcase name="testDeleteUserByName[testUser2](2)" classname="api.test.DDTest" time="1.22"/>
  <testcase name="testDeleteUserByName[testUser3](3)" classname="api.test.DDTest" time="1.213"/>
  <testcase name="test_postUser" classname="api.test.UserTests2" time="0.049">
    <system-out><![CDATA[HTTP/1.1 200 OK
Date: Wed, 15 May 2024 11:25:59 GMT
Content-Type: application/json
Transfer-Encoding: chunked
Connection: keep-alive
Access-Control-Allow-Origin: *
Access-Control-Allow-Methods: GET, POST, DELETE, PUT
Access-Control-Allow-Headers: Content-Type, api_key, Authorization
Server: Jetty(9.2.9.v20150224)

{
    "code": 200,
    "type": "unknown",
    "message": "1530617641"
}
HTTP/1.1 200 OK
Date: Wed, 15 May 2024 11:25:59 GMT
Content-Type: application/json
Transfer-Encoding: chunked
Connection: keep-alive
Access-Control-Allow-Origin: *
Access-Control-Allow-Methods: GET, POST, DELETE, PUT
Access-Control-Allow-Headers: Content-Type, api_key, Authorization
Server: Jetty(9.2.9.v20150224)

{
    "code": 200,
    "type": "unknown",
    "message": "669904711"
}
]]></system-out>
  </testcase>
  <testcase name="test_UserByName" classname="api.test.UserTests2" time="0.032">
    <system-out><![CDATA[HTTP/1.1 200 OK
Date: Wed, 15 May 2024 11:26:00 GMT
Content-Type: application/json
Transfer-Encoding: chunked
Connection: keep-alive
Access-Control-Allow-Origin: *
Access-Control-Allow-Methods: GET, POST, DELETE, PUT
Access-Control-Allow-Headers: Content-Type, api_key, Authorization
Server: Jetty(9.2.9.v20150224)

{
    "id": 1530617641,
    "username": "enrique.goyette",
    "firstName": "Shelia",
    "lastName": "Lowe",
    "email": "john.zemlak@example.com",
    "password": "frztu7oe4",
    "phone": "459-682-4568",
    "userStatus": 0
}
]]></system-out>
  </testcase>
  <testcase name="test_updateByUsername" classname="api.test.UserTests2" time="1.14">
    <system-out><![CDATA[HTTP/1.1 200 OK
Date: Wed, 15 May 2024 11:26:01 GMT
Content-Type: application/json
Transfer-Encoding: chunked
Connection: keep-alive
Access-Control-Allow-Origin: *
Access-Control-Allow-Methods: GET, POST, DELETE, PUT
Access-Control-Allow-Headers: Content-Type, api_key, Authorization
Server: Jetty(9.2.9.v20150224)

{
    "code": 200,
    "type": "unknown",
    "message": "1530617641"
}
HTTP/1.1 200 OK
Date: Wed, 15 May 2024 11:26:01 GMT
Content-Type: application/json
Transfer-Encoding: chunked
Connection: keep-alive
Access-Control-Allow-Origin: *
Access-Control-Allow-Methods: GET, POST, DELETE, PUT
Access-Control-Allow-Headers: Content-Type, api_key, Authorization
Server: Jetty(9.2.9.v20150224)

{
    "code": 200,
    "type": "unknown",
    "message": "669904711"
}
]]></system-out>
  </testcase>
  <testcase name="test_DeleteUserByName" classname="api.test.UserTests2" time="1.171"/>
  <testcase name="test_postUser" classname="api.test.UserTests" time="0.05"/>
  <testcase name="test_UserByName" classname="api.test.UserTests" time="0.033">
    <system-out><![CDATA[HTTP/1.1 200 OK
Date: Wed, 15 May 2024 11:26:00 GMT
Content-Type: application/json
Transfer-Encoding: chunked
Connection: keep-alive
Access-Control-Allow-Origin: *
Access-Control-Allow-Methods: GET, POST, DELETE, PUT
Access-Control-Allow-Headers: Content-Type, api_key, Authorization
Server: Jetty(9.2.9.v20150224)

{
    "id": 669904711,
    "username": "sandee.skiles",
    "firstName": "Kami",
    "lastName": "Klein",
    "email": "johnny.maggio@example.com",
    "password": "kt8gmba",
    "phone": "770-974-5785",
    "userStatus": 0
}
]]></system-out>
  </testcase>
  <testcase name="test_updateByUsername" classname="api.test.UserTests" time="0.021"/>
  <testcase name="test_DeleteUserByName" classname="api.test.UserTests" time="0.022"/>
</testsuite>