<?xml version="1.0" encoding="UTF-8"?>
<!-- Generated by org.testng.reporters.JUnitXMLReporter -->
<testsuite ignored="0" hostname="DESKTOP-HQV51JQ" failures="0" tests="6" name="Data Driven Testing" time="12.017" errors="0" timestamp="2024-05-15T16:55:06 IST">
  <testcase classname="api.test.DDTest" name="testPostUsers" time="1.545"/>
  <testcase classname="api.test.DDTest" name="testPostUsers" time="1.252"/>
  <testcase classname="api.test.DDTest" name="testPostUsers" time="1.303"/>
  <testcase classname="api.test.DDTest" name="testDeleteUserByName" time="1.232"/>
  <testcase classname="api.test.DDTest" name="testDeleteUserByName" time="1.255"/>
  <testcase classname="api.test.DDTest" name="testDeleteUserByName" time="1.274"/>
</testsuite> <!-- Data Driven Testing -->
