<?xml version="1.0" encoding="UTF-8"?>
<!-- Generated by org.testng.reporters.JUnitXMLReporter -->
<testsuite ignored="0" hostname="DESKTOP-HQV51JQ" failures="0" tests="4" name="Testing User API" time="11.018" errors="0" timestamp="2024-05-15T16:55:05 IST">
  <testcase classname="api.test.UserTests" name="test_postUser" time="4.547"/>
  <testcase classname="api.test.UserTests" name="test_UserByName" time="1.277"/>
  <testcase classname="api.test.UserTests" name="test_updateByUsername" time="2.806"/>
  <testcase classname="api.test.UserTests" name="test_DeleteUserByName" time="1.272"/>
</testsuite> <!-- Testing User API -->
