<?xml version="1.0" encoding="UTF-8"?>
<!-- Generated by org.testng.reporters.JUnitXMLReporter -->
<testsuite ignored="0" hostname="DESKTOP-HQV51JQ" failures="0" tests="4" name="Testing User API Using Properties file" time="10.656" errors="0" timestamp="2024-05-15T16:55:05 IST">
  <testcase classname="api.test.UserTests2" name="test_postUser" time="4.535"/>
  <testcase classname="api.test.UserTests2" name="test_UserByName" time="1.236"/>
  <testcase classname="api.test.UserTests2" name="test_updateByUsername" time="2.493"/>
  <testcase classname="api.test.UserTests2" name="test_DeleteUserByName" time="1.269"/>
</testsuite> <!-- Testing User API Using Properties file -->
