<?xml version="1.0" encoding="UTF-8"?>
<testng-results ignored="0" total="14" passed="14" failed="0" skipped="0">
  <reporter-output>
  </reporter-output>
  <suite started-at="2024-05-15T16:54:54 IST" name="Swagger Pet Store API" finished-at="2024-05-15T16:55:06 IST" duration-ms="12018">
    <groups>
    </groups>
    <test started-at="2024-05-15T16:54:54 IST" name="Testing User API" finished-at="2024-05-15T16:55:05 IST" duration-ms="11018">
      <class name="api.test.UserTests">
        <test-method is-config="true" signature="setData()[pri:0, instance:api.test.UserTests@23c30a20]" started-at="2024-05-15T16:54:54 IST" name="setData" finished-at="2024-05-15T16:54:55 IST" duration-ms="554" status="PASS">
          <reporter-output>
          </reporter-output>
        </test-method> <!-- setData -->
        <test-method signature="test_postUser()[pri:1, instance:api.test.UserTests@23c30a20]" started-at="2024-05-15T16:54:55 IST" name="test_postUser" finished-at="2024-05-15T16:55:00 IST" duration-ms="4547" status="PASS">
          <reporter-output>
          </reporter-output>
        </test-method> <!-- test_postUser -->
        <test-method signature="test_UserByName()[pri:2, instance:api.test.UserTests@23c30a20]" started-at="2024-05-15T16:55:00 IST" name="test_UserByName" finished-at="2024-05-15T16:55:01 IST" duration-ms="1277" status="PASS">
          <reporter-output>
          </reporter-output>
        </test-method> <!-- test_UserByName -->
        <test-method signature="test_updateByUsername()[pri:3, instance:api.test.UserTests@23c30a20]" started-at="2024-05-15T16:55:01 IST" name="test_updateByUsername" finished-at="2024-05-15T16:55:04 IST" duration-ms="2806" status="PASS">
          <reporter-output>
          </reporter-output>
        </test-method> <!-- test_updateByUsername -->
        <test-method signature="test_DeleteUserByName()[pri:4, instance:api.test.UserTests@23c30a20]" started-at="2024-05-15T16:55:04 IST" name="test_DeleteUserByName" finished-at="2024-05-15T16:55:05 IST" duration-ms="1272" status="PASS">
          <reporter-output>
          </reporter-output>
        </test-method> <!-- test_DeleteUserByName -->
      </class> <!-- api.test.UserTests -->
    </test> <!-- Testing User API -->
    <test started-at="2024-05-15T16:54:54 IST" name="Testing User API Using Properties file" finished-at="2024-05-15T16:55:05 IST" duration-ms="10656">
      <class name="api.test.UserTests2">
        <test-method is-config="true" signature="setData()[pri:0, instance:api.test.UserTests2@82de64a]" started-at="2024-05-15T16:54:54 IST" name="setData" finished-at="2024-05-15T16:54:55 IST" duration-ms="821" status="PASS">
          <reporter-output>
          </reporter-output>
        </test-method> <!-- setData -->
        <test-method signature="test_postUser()[pri:1, instance:api.test.UserTests2@82de64a]" started-at="2024-05-15T16:54:55 IST" name="test_postUser" finished-at="2024-05-15T16:55:00 IST" duration-ms="4535" status="PASS">
          <reporter-output>
          </reporter-output>
        </test-method> <!-- test_postUser -->
        <test-method signature="test_UserByName()[pri:2, instance:api.test.UserTests2@82de64a]" started-at="2024-05-15T16:55:00 IST" name="test_UserByName" finished-at="2024-05-15T16:55:01 IST" duration-ms="1236" status="PASS">
          <reporter-output>
          </reporter-output>
        </test-method> <!-- test_UserByName -->
        <test-method signature="test_updateByUsername()[pri:3, instance:api.test.UserTests2@82de64a]" started-at="2024-05-15T16:55:01 IST" name="test_updateByUsername" finished-at="2024-05-15T16:55:03 IST" duration-ms="2493" status="PASS">
          <reporter-output>
          </reporter-output>
        </test-method> <!-- test_updateByUsername -->
        <test-method signature="test_DeleteUserByName()[pri:4, instance:api.test.UserTests2@82de64a]" started-at="2024-05-15T16:55:03 IST" name="test_DeleteUserByName" finished-at="2024-05-15T16:55:05 IST" duration-ms="1269" status="PASS">
          <reporter-output>
          </reporter-output>
        </test-method> <!-- test_DeleteUserByName -->
      </class> <!-- api.test.UserTests2 -->
    </test> <!-- Testing User API Using Properties file -->
    <test started-at="2024-05-15T16:54:54 IST" name="Data Driven Testing" finished-at="2024-05-15T16:55:06 IST" duration-ms="12017">
      <class name="api.test.DDTest">
        <test-method signature="testPostUsers(java.lang.String,java.lang.String,java.lang.String,java.lang.String,java.lang.String,java.lang.String,java.lang.String)[pri:1, instance:api.test.DDTest@50b5ac82]" started-at="2024-05-15T16:54:58 IST" name="testPostUsers" data-provider="Data" finished-at="2024-05-15T16:54:59 IST" duration-ms="1545" status="PASS">
          <params>
            <param index="0">
              <value>
                <![CDATA[1010]]>
              </value>
            </param>
            <param index="1">
              <value>
                <![CDATA[testUser1]]>
              </value>
            </param>
            <param index="2">
              <value>
                <![CDATA[Ali]]>
              </value>
            </param>
            <param index="3">
              <value>
                <![CDATA[Gamal]]>
              </value>
            </param>
            <param index="4">
              <value>
                <![CDATA[a@gmail.com]]>
              </value>
            </param>
            <param index="5">
              <value>
                <![CDATA[test@12]]>
              </value>
            </param>
            <param index="6">
              <value>
                <![CDATA[123456789]]>
              </value>
            </param>
          </params>
          <reporter-output>
          </reporter-output>
        </test-method> <!-- testPostUsers -->
        <test-method signature="testPostUsers(java.lang.String,java.lang.String,java.lang.String,java.lang.String,java.lang.String,java.lang.String,java.lang.String)[pri:1, instance:api.test.DDTest@50b5ac82]" started-at="2024-05-15T16:55:00 IST" name="testPostUsers" data-provider="Data" finished-at="2024-05-15T16:55:01 IST" duration-ms="1252" status="PASS">
          <params>
            <param index="0">
              <value>
                <![CDATA[1020]]>
              </value>
            </param>
            <param index="1">
              <value>
                <![CDATA[testUser2]]>
              </value>
            </param>
            <param index="2">
              <value>
                <![CDATA[Kareem]]>
              </value>
            </param>
            <param index="3">
              <value>
                <![CDATA[Hassan]]>
              </value>
            </param>
            <param index="4">
              <value>
                <![CDATA[k@gmail.com]]>
              </value>
            </param>
            <param index="5">
              <value>
                <![CDATA[test@34]]>
              </value>
            </param>
            <param index="6">
              <value>
                <![CDATA[456383021]]>
              </value>
            </param>
          </params>
          <reporter-output>
          </reporter-output>
        </test-method> <!-- testPostUsers -->
        <test-method signature="testPostUsers(java.lang.String,java.lang.String,java.lang.String,java.lang.String,java.lang.String,java.lang.String,java.lang.String)[pri:1, instance:api.test.DDTest@50b5ac82]" started-at="2024-05-15T16:55:01 IST" name="testPostUsers" data-provider="Data" finished-at="2024-05-15T16:55:02 IST" duration-ms="1303" status="PASS">
          <params>
            <param index="0">
              <value>
                <![CDATA[1030]]>
              </value>
            </param>
            <param index="1">
              <value>
                <![CDATA[testUser3]]>
              </value>
            </param>
            <param index="2">
              <value>
                <![CDATA[Ahmed]]>
              </value>
            </param>
            <param index="3">
              <value>
                <![CDATA[Magdy]]>
              </value>
            </param>
            <param index="4">
              <value>
                <![CDATA[m@gmail.com]]>
              </value>
            </param>
            <param index="5">
              <value>
                <![CDATA[test@56]]>
              </value>
            </param>
            <param index="6">
              <value>
                <![CDATA[545886288]]>
              </value>
            </param>
          </params>
          <reporter-output>
          </reporter-output>
        </test-method> <!-- testPostUsers -->
        <test-method signature="testDeleteUserByName(java.lang.String)[pri:2, instance:api.test.DDTest@50b5ac82]" started-at="2024-05-15T16:55:02 IST" name="testDeleteUserByName" data-provider="UserNames" finished-at="2024-05-15T16:55:03 IST" duration-ms="1232" status="PASS">
          <params>
            <param index="0">
              <value>
                <![CDATA[testUser1]]>
              </value>
            </param>
          </params>
          <reporter-output>
          </reporter-output>
        </test-method> <!-- testDeleteUserByName -->
        <test-method signature="testDeleteUserByName(java.lang.String)[pri:2, instance:api.test.DDTest@50b5ac82]" started-at="2024-05-15T16:55:03 IST" name="testDeleteUserByName" data-provider="UserNames" finished-at="2024-05-15T16:55:05 IST" duration-ms="1255" status="PASS">
          <params>
            <param index="0">
              <value>
                <![CDATA[testUser2]]>
              </value>
            </param>
          </params>
          <reporter-output>
          </reporter-output>
        </test-method> <!-- testDeleteUserByName -->
        <test-method signature="testDeleteUserByName(java.lang.String)[pri:2, instance:api.test.DDTest@50b5ac82]" started-at="2024-05-15T16:55:05 IST" name="testDeleteUserByName" data-provider="UserNames" finished-at="2024-05-15T16:55:06 IST" duration-ms="1274" status="PASS">
          <params>
            <param index="0">
              <value>
                <![CDATA[testUser3]]>
              </value>
            </param>
          </params>
          <reporter-output>
          </reporter-output>
        </test-method> <!-- testDeleteUserByName -->
      </class> <!-- api.test.DDTest -->
    </test> <!-- Data Driven Testing -->
  </suite> <!-- Swagger Pet Store API -->
</testng-results>
